Post Processor Report
OrCAD FILE: D:\UTENTI\00.CAD\00.PROGETTI\METALTRONICA\22-302-0 (DIMOBIS)\22-302-0 (DIMOBIS)\22-302-0.MAX
Thu May 25 16:36:33 2023

*********************************************************

Output file: D:\UTENTI\00.CAD\00.PROGETTI\METALTRONICA\22-302-0 (DIMOBIS)\22-302-0 (DIMOBIS)\22-302-0.TOP

Aperture totals for D:\UTENTI\00.CAD\00.PROGETTI\METALTRONICA\22-302-0 (DIMOBIS)\22-302-0 (DIMOBIS)\22-302-0.TOP:
---------------------------------------------------------
D10:  0.1024 x 0.0510 RECTANGLE -----      12 Flashes
D11:  0.0380 x 0.0320 RECTANGLE -----     150 Flashes
D12:  0.0510 x 0.1024 RECTANGLE -----       2 Flashes
D13:  0.0320 x 0.0380 RECTANGLE -----       8 Flashes
D14:  0.0787 x 0.1614 RECTANGLE -----       2 Flashes
D15:  0.0787 SQUARE --       0 Draws,       5 Flashes
D16:  0.0850 x 0.1080 RECTANGLE -----       2 Flashes
D17:  0.0197 x 0.0315 RECTANGLE -----       4 Flashes
D18:  0.0315 x 0.0197 RECTANGLE -----       4 Flashes
D19:  0.0501 x 0.0404 RECTANGLE -----      40 Flashes
D20:  0.1500 x 0.1670 RECTANGLE -----       2 Flashes
D21:  0.1220 x 0.0905 RECTANGLE -----       4 Flashes
D22:  0.1000 ROUND  --       0 Draws,       9 Flashes
D23:  0.0512 ROUND  --       0 Draws,       2 Flashes
D24:  0.0866 ROUND  --       0 Draws,      12 Flashes
D25:  0.0669 ROUND  --       0 Draws,       2 Flashes
D26:  0.0800 ROUND  --       0 Draws,      13 Flashes
D27:  0.0800 SQUARE --       0 Draws,       1 Flashes
D28:  0.0787 ROUND  --       0 Draws,      20 Flashes
D29:  0.0630 x 0.0787 OBLONG    -----      10 Flashes
D30:  0.1000 SQUARE --       0 Draws,       2 Flashes
D31:  0.0649 x 0.0512 RECTANGLE -----       2 Flashes
D32:  0.0118 x 0.0394 RECTANGLE -----      12 Flashes
D33:  0.0236 x 0.0413 RECTANGLE -----       4 Flashes
D34:  0.1968 ROUND  --       0 Draws,       5 Flashes
D35:  0.0250 x 0.0350 RECTANGLE -----       2 Flashes
D36:  0.0400 x 0.0500 RECTANGLE -----       6 Flashes
D37:  0.0710 x 0.0400 RECTANGLE -----       2 Flashes
D38:  0.0760 x 0.1200 RECTANGLE -----       2 Flashes
D39:  0.0799 SQUARE --       0 Draws,       1 Flashes
D40:  0.0600 x 0.1000 RECTANGLE -----       2 Flashes
D41:  0.2760 SQUARE --       0 Draws,       1 Flashes
D42:  0.0256 x 0.0650 OBLONG    -----       8 Flashes
D43:  0.0354 x 0.0512 RECTANGLE -----      16 Flashes
D44:  0.0236 x 0.0512 RECTANGLE -----       4 Flashes
D45:  0.0118 x 0.0701 OBLONG    -----      56 Flashes
D46:  0.0394 ROUND  --       0 Draws,      21 Flashes
D47:  0.0669 x 0.0276 RECTANGLE -----      20 Flashes
D48:  0.0165 x 0.0354 RECTANGLE -----       8 Flashes
D49:  0.0177 x 0.0590 RECTANGLE -----      16 Flashes
D50:  0.0276 ROUND  --       0 Draws,      29 Flashes
D51:  0.0060 ROUND  --     264 Draws,       0 Flashes
D52:  0.0100 ROUND  --    9642 Draws,       1 Flashes
D53:  0.0250 ROUND  --     137 Draws,       0 Flashes
D54:  0.0120 ROUND  --     269 Draws,       0 Flashes
D55:  0.0276 ROUND  --       0 Draws,     257 Flashes
D56:  0.0080 ROUND  --     864 Draws,       1 Flashes
D57:  0.0600 ROUND  --      24 Draws,       0 Flashes
D58:  0.0150 ROUND  --      39 Draws,       0 Flashes
D59:  0.0800 ROUND  --      19 Draws,       0 Flashes
D60:  0.0300 ROUND  --       4 Draws,       0 Flashes
D61:  0.0276 ROUND  --       5 Draws,       0 Flashes
D62:  0.0500 ROUND  --      36 Draws,       0 Flashes
D63:  0.0276 ROUND  --       0 Draws,       7 Flashes
---------------------------------------------------------
 54 D-Codes      -----   11303 Draws,     789 Flashes

*********************************************************

Output file: D:\UTENTI\00.CAD\00.PROGETTI\METALTRONICA\22-302-0 (DIMOBIS)\22-302-0 (DIMOBIS)\22-302-0.BOT

Aperture totals for D:\UTENTI\00.CAD\00.PROGETTI\METALTRONICA\22-302-0 (DIMOBIS)\22-302-0 (DIMOBIS)\22-302-0.BOT:
---------------------------------------------------------
D10:  0.1024 x 0.0510 RECTANGLE -----       6 Flashes
D11:  0.0380 x 0.0320 RECTANGLE -----      62 Flashes
D13:  0.0320 x 0.0380 RECTANGLE -----      28 Flashes
D15:  0.0787 SQUARE --       0 Draws,       3 Flashes
D16:  0.0850 x 0.1080 RECTANGLE -----       6 Flashes
D22:  0.1000 ROUND  --       0 Draws,       9 Flashes
D23:  0.0512 ROUND  --       0 Draws,       2 Flashes
D24:  0.0866 ROUND  --       0 Draws,      12 Flashes
D25:  0.0669 ROUND  --       0 Draws,       2 Flashes
D26:  0.0800 ROUND  --       0 Draws,      13 Flashes
D27:  0.0800 SQUARE --       0 Draws,       1 Flashes
D28:  0.0787 ROUND  --       0 Draws,      20 Flashes
D29:  0.0630 x 0.0787 OBLONG    -----      10 Flashes
D30:  0.1000 SQUARE --       0 Draws,       2 Flashes
D34:  0.1968 ROUND  --       0 Draws,       5 Flashes
D35:  0.0250 x 0.0350 RECTANGLE -----      10 Flashes
D36:  0.0400 x 0.0500 RECTANGLE -----      33 Flashes
D39:  0.0799 SQUARE --       0 Draws,       1 Flashes
D46:  0.0394 ROUND  --       0 Draws,      21 Flashes
D50:  0.0276 ROUND  --       0 Draws,      29 Flashes
D51:  0.0060 ROUND  --      21 Draws,       0 Flashes
D52:  0.0100 ROUND  --   11115 Draws,       0 Flashes
D53:  0.0250 ROUND  --     123 Draws,       0 Flashes
D54:  0.0120 ROUND  --     135 Draws,       0 Flashes
D55:  0.0276 ROUND  --       0 Draws,     261 Flashes
D56:  0.0080 ROUND  --     604 Draws,       0 Flashes
D58:  0.0150 ROUND  --       9 Draws,       0 Flashes
D59:  0.0800 ROUND  --       3 Draws,       0 Flashes
D61:  0.0276 ROUND  --       1 Draws,       0 Flashes
D62:  0.0500 ROUND  --      55 Draws,       0 Flashes
D63:  0.0276 ROUND  --       0 Draws,       2 Flashes
D64:  0.1080 x 0.0850 RECTANGLE -----       4 Flashes
D65:  0.0550 x 0.0350 RECTANGLE -----      34 Flashes
D66:  0.0350 x 0.0250 RECTANGLE -----      10 Flashes
D67:  0.0500 x 0.0400 RECTANGLE -----      15 Flashes
D68:  0.0570 x 0.0590 RECTANGLE -----       2 Flashes
D69:  0.0110 x 0.0700 OBLONG    -----      28 Flashes
D70:  0.0110 x 0.0700 RECTANGLE -----       4 Flashes
D71:  0.0700 x 0.0110 OBLONG    -----      29 Flashes
D72:  0.0700 x 0.0110 RECTANGLE -----       3 Flashes
D73:  0.0394 x 0.0197 RECTANGLE -----       2 Flashes
D74:  0.0276 ROUND  --       0 Draws,       1 Flashes
D75:  0.0110 ROUND  --       7 Draws,       0 Flashes
D76:  0.0400 ROUND  --       8 Draws,       0 Flashes
---------------------------------------------------------
 44 D-Codes      -----   12081 Draws,     670 Flashes

*********************************************************

Output file: D:\UTENTI\00.CAD\00.PROGETTI\METALTRONICA\22-302-0 (DIMOBIS)\22-302-0 (DIMOBIS)\22-302-0.GND

Aperture totals for D:\UTENTI\00.CAD\00.PROGETTI\METALTRONICA\22-302-0 (DIMOBIS)\22-302-0 (DIMOBIS)\22-302-0.GND:
---------------------------------------------------------
D51:  0.0060 ROUND  --      20 Draws,       0 Flashes
D77:  0.1212 OD, 0.0972 ID THERMAL --       3 Flashes
D78:  0.1181 ROUND  --       0 Draws,       3 Flashes
D79:  0.0800 ROUND  --       0 Draws,       1 Flashes
D80:  0.1024 ROUND  --       0 Draws,       2 Flashes
D81:  0.0866 ROUND  --       0 Draws,       2 Flashes
D82:  0.1173 OD, 0.0933 ID THERMAL --       5 Flashes
D83:  0.1100 ROUND  --       0 Draws,       5 Flashes
D84:  0.1100 SQUARE --       0 Draws,       1 Flashes
D85:  0.1027 ROUND  --       0 Draws,       6 Flashes
D86:  0.1173 OD, 0.0933 ID THERMAL --       1 Flashes
D87:  0.1027 ROUND  --       0 Draws,      11 Flashes
D88:  0.0800 ROUND  --       0 Draws,       1 Flashes
D89:  0.0984 ROUND  --       0 Draws,       2 Flashes
D90:  0.1300 ROUND  --       0 Draws,       3 Flashes
D91:  0.1300 SQUARE --       0 Draws,       2 Flashes
D92:  0.2362 ROUND  --       0 Draws,       5 Flashes
D93:  0.1055 OD, 0.0815 ID THERMAL --       4 Flashes
D94:  0.1027 ROUND  --       0 Draws,       6 Flashes
D95:  0.0984 ROUND  --       0 Draws,       9 Flashes
D96:  0.1173 OD, 0.0933 ID THERMAL --       1 Flashes
D97:  0.1027 SQUARE --       0 Draws,       1 Flashes
D98:  0.0590 ROUND  --       0 Draws,      20 Flashes
D99:  0.0050 ROUND  --       0 Draws,       1 Flashes
D100: 0.1100 ROUND  --       0 Draws,       4 Flashes
D101: 0.0050 ROUND  --       0 Draws,      96 Flashes
D102: 0.0394 ROUND  --       0 Draws,     139 Flashes
D103: 0.0197 ROUND  --      10 Draws,       0 Flashes
D104: 0.0394 ROUND  --       0 Draws,      56 Flashes
D105: 0.0050 ROUND  --       0 Draws,       2 Flashes
---------------------------------------------------------
 30 D-Codes      -----      30 Draws,     392 Flashes

*********************************************************

Output file: D:\UTENTI\00.CAD\00.PROGETTI\METALTRONICA\22-302-0 (DIMOBIS)\22-302-0 (DIMOBIS)\22-302-0.IN1

Aperture totals for D:\UTENTI\00.CAD\00.PROGETTI\METALTRONICA\22-302-0 (DIMOBIS)\22-302-0 (DIMOBIS)\22-302-0.IN1:
---------------------------------------------------------
D15:  0.0787 SQUARE --       0 Draws,       1 Flashes
D22:  0.1000 ROUND  --       0 Draws,       9 Flashes
D23:  0.0512 ROUND  --       0 Draws,       2 Flashes
D24:  0.0866 ROUND  --       0 Draws,      12 Flashes
D25:  0.0669 ROUND  --       0 Draws,       2 Flashes
D26:  0.0800 ROUND  --       0 Draws,      13 Flashes
D27:  0.0800 SQUARE --       0 Draws,       1 Flashes
D28:  0.0787 ROUND  --       0 Draws,      30 Flashes
D30:  0.1000 SQUARE --       0 Draws,       2 Flashes
D34:  0.1968 ROUND  --       0 Draws,       5 Flashes
D39:  0.0799 SQUARE --       0 Draws,       1 Flashes
D46:  0.0394 ROUND  --       0 Draws,      21 Flashes
D50:  0.0276 ROUND  --       0 Draws,      29 Flashes
D51:  0.0060 ROUND  --      11 Draws,       0 Flashes
D52:  0.0100 ROUND  --    7260 Draws,       0 Flashes
D53:  0.0250 ROUND  --       8 Draws,       0 Flashes
D55:  0.0276 ROUND  --       0 Draws,     114 Flashes
D56:  0.0080 ROUND  --      10 Draws,       0 Flashes
D63:  0.0276 ROUND  --       0 Draws,     135 Flashes
D74:  0.0276 ROUND  --       0 Draws,      15 Flashes
---------------------------------------------------------
 20 D-Codes      -----    7289 Draws,     392 Flashes

*********************************************************

Output file: D:\UTENTI\00.CAD\00.PROGETTI\METALTRONICA\22-302-0 (DIMOBIS)\22-302-0 (DIMOBIS)\22-302-0.SMT

Aperture totals for D:\UTENTI\00.CAD\00.PROGETTI\METALTRONICA\22-302-0 (DIMOBIS)\22-302-0 (DIMOBIS)\22-302-0.SMT:
---------------------------------------------------------
D10:  0.1024 x 0.0510 RECTANGLE -----      12 Flashes
D11:  0.0380 x 0.0320 RECTANGLE -----     150 Flashes
D12:  0.0510 x 0.1024 RECTANGLE -----       2 Flashes
D13:  0.0320 x 0.0380 RECTANGLE -----       8 Flashes
D14:  0.0787 x 0.1614 RECTANGLE -----       2 Flashes
D15:  0.0787 SQUARE --       0 Draws,       5 Flashes
D16:  0.0850 x 0.1080 RECTANGLE -----       2 Flashes
D17:  0.0197 x 0.0315 RECTANGLE -----       4 Flashes
D18:  0.0315 x 0.0197 RECTANGLE -----       4 Flashes
D19:  0.0501 x 0.0404 RECTANGLE -----      40 Flashes
D20:  0.1500 x 0.1670 RECTANGLE -----       2 Flashes
D21:  0.1220 x 0.0905 RECTANGLE -----       4 Flashes
D22:  0.1000 ROUND  --       0 Draws,       9 Flashes
D24:  0.0866 ROUND  --       0 Draws,      12 Flashes
D25:  0.0669 ROUND  --       0 Draws,       2 Flashes
D26:  0.0800 ROUND  --       0 Draws,      13 Flashes
D27:  0.0800 SQUARE --       0 Draws,       1 Flashes
D28:  0.0787 ROUND  --       0 Draws,      20 Flashes
D29:  0.0630 x 0.0787 OBLONG    -----      10 Flashes
D30:  0.1000 SQUARE --       0 Draws,       2 Flashes
D31:  0.0649 x 0.0512 RECTANGLE -----       2 Flashes
D32:  0.0118 x 0.0394 RECTANGLE -----      12 Flashes
D33:  0.0236 x 0.0413 RECTANGLE -----       4 Flashes
D34:  0.1968 ROUND  --       0 Draws,       5 Flashes
D36:  0.0400 x 0.0500 RECTANGLE -----       6 Flashes
D37:  0.0710 x 0.0400 RECTANGLE -----       2 Flashes
D38:  0.0760 x 0.1200 RECTANGLE -----       2 Flashes
D39:  0.0799 SQUARE --       0 Draws,       1 Flashes
D40:  0.0600 x 0.1000 RECTANGLE -----       2 Flashes
D41:  0.2760 SQUARE --       0 Draws,       1 Flashes
D42:  0.0256 x 0.0650 OBLONG    -----       8 Flashes
D43:  0.0354 x 0.0512 RECTANGLE -----      16 Flashes
D44:  0.0236 x 0.0512 RECTANGLE -----       4 Flashes
D45:  0.0118 x 0.0701 OBLONG    -----      56 Flashes
D47:  0.0669 x 0.0276 RECTANGLE -----      20 Flashes
D48:  0.0165 x 0.0354 RECTANGLE -----       8 Flashes
D49:  0.0177 x 0.0590 RECTANGLE -----      16 Flashes
D51:  0.0060 ROUND  --     326 Draws,       0 Flashes
D52:  0.0100 ROUND  --     209 Draws,       0 Flashes
---------------------------------------------------------
 39 D-Codes      -----     535 Draws,     469 Flashes

*********************************************************

Output file: D:\UTENTI\00.CAD\00.PROGETTI\METALTRONICA\22-302-0 (DIMOBIS)\22-302-0 (DIMOBIS)\22-302-0.SMB

Aperture totals for D:\UTENTI\00.CAD\00.PROGETTI\METALTRONICA\22-302-0 (DIMOBIS)\22-302-0 (DIMOBIS)\22-302-0.SMB:
---------------------------------------------------------
D10:  0.1024 x 0.0510 RECTANGLE -----       6 Flashes
D11:  0.0380 x 0.0320 RECTANGLE -----      62 Flashes
D13:  0.0320 x 0.0380 RECTANGLE -----      28 Flashes
D15:  0.0787 SQUARE --       0 Draws,       3 Flashes
D16:  0.0850 x 0.1080 RECTANGLE -----       6 Flashes
D22:  0.1000 ROUND  --       0 Draws,       9 Flashes
D24:  0.0866 ROUND  --       0 Draws,      12 Flashes
D26:  0.0800 ROUND  --       0 Draws,      13 Flashes
D27:  0.0800 SQUARE --       0 Draws,       1 Flashes
D28:  0.0787 ROUND  --       0 Draws,      20 Flashes
D29:  0.0630 x 0.0787 OBLONG    -----      10 Flashes
D30:  0.1000 SQUARE --       0 Draws,       2 Flashes
D34:  0.1968 ROUND  --       0 Draws,       5 Flashes
D36:  0.0400 x 0.0500 RECTANGLE -----      33 Flashes
D39:  0.0799 SQUARE --       0 Draws,       1 Flashes
D52:  0.0100 ROUND  --     202 Draws,       0 Flashes
D64:  0.1080 x 0.0850 RECTANGLE -----       4 Flashes
D65:  0.0550 x 0.0350 RECTANGLE -----      34 Flashes
D67:  0.0500 x 0.0400 RECTANGLE -----      15 Flashes
D68:  0.0570 x 0.0590 RECTANGLE -----       2 Flashes
D69:  0.0110 x 0.0700 OBLONG    -----      28 Flashes
D70:  0.0110 x 0.0700 RECTANGLE -----       4 Flashes
D71:  0.0700 x 0.0110 OBLONG    -----      29 Flashes
D72:  0.0700 x 0.0110 RECTANGLE -----       3 Flashes
D73:  0.0394 x 0.0197 RECTANGLE -----       2 Flashes
D106: 0.0709 ROUND  --       0 Draws,       2 Flashes
---------------------------------------------------------
 26 D-Codes      -----     202 Draws,     334 Flashes

*********************************************************

Output file: D:\UTENTI\00.CAD\00.PROGETTI\METALTRONICA\22-302-0 (DIMOBIS)\22-302-0 (DIMOBIS)\22-302-0.SPT

Aperture totals for D:\UTENTI\00.CAD\00.PROGETTI\METALTRONICA\22-302-0 (DIMOBIS)\22-302-0 (DIMOBIS)\22-302-0.SPT:
---------------------------------------------------------
D10:  0.1024 x 0.0510 RECTANGLE -----      12 Flashes
D11:  0.0380 x 0.0320 RECTANGLE -----     150 Flashes
D12:  0.0510 x 0.1024 RECTANGLE -----       2 Flashes
D13:  0.0320 x 0.0380 RECTANGLE -----       8 Flashes
D14:  0.0787 x 0.1614 RECTANGLE -----       2 Flashes
D15:  0.0787 SQUARE --       0 Draws,       4 Flashes
D16:  0.0850 x 0.1080 RECTANGLE -----       2 Flashes
D17:  0.0197 x 0.0315 RECTANGLE -----       4 Flashes
D18:  0.0315 x 0.0197 RECTANGLE -----       4 Flashes
D19:  0.0501 x 0.0404 RECTANGLE -----      40 Flashes
D20:  0.1500 x 0.1670 RECTANGLE -----       2 Flashes
D21:  0.1220 x 0.0905 RECTANGLE -----       4 Flashes
D31:  0.0649 x 0.0512 RECTANGLE -----       2 Flashes
D32:  0.0118 x 0.0394 RECTANGLE -----      12 Flashes
D33:  0.0236 x 0.0413 RECTANGLE -----       4 Flashes
D36:  0.0400 x 0.0500 RECTANGLE -----       6 Flashes
D37:  0.0710 x 0.0400 RECTANGLE -----       2 Flashes
D38:  0.0760 x 0.1200 RECTANGLE -----       2 Flashes
D40:  0.0600 x 0.1000 RECTANGLE -----       2 Flashes
D42:  0.0256 x 0.0650 OBLONG    -----       8 Flashes
D43:  0.0354 x 0.0512 RECTANGLE -----      16 Flashes
D44:  0.0236 x 0.0512 RECTANGLE -----       4 Flashes
D45:  0.0118 x 0.0701 OBLONG    -----      56 Flashes
D47:  0.0669 x 0.0276 RECTANGLE -----      20 Flashes
D48:  0.0165 x 0.0354 RECTANGLE -----       8 Flashes
D49:  0.0177 x 0.0590 RECTANGLE -----      16 Flashes
D51:  0.0060 ROUND  --     326 Draws,       0 Flashes
D52:  0.0100 ROUND  --     104 Draws,       0 Flashes
---------------------------------------------------------
 28 D-Codes      -----     430 Draws,     392 Flashes

*********************************************************

Output file: D:\UTENTI\00.CAD\00.PROGETTI\METALTRONICA\22-302-0 (DIMOBIS)\22-302-0 (DIMOBIS)\22-302-0.SPB

Aperture totals for D:\UTENTI\00.CAD\00.PROGETTI\METALTRONICA\22-302-0 (DIMOBIS)\22-302-0 (DIMOBIS)\22-302-0.SPB:
---------------------------------------------------------
D10:  0.1024 x 0.0510 RECTANGLE -----       6 Flashes
D11:  0.0380 x 0.0320 RECTANGLE -----      62 Flashes
D13:  0.0320 x 0.0380 RECTANGLE -----      28 Flashes
D15:  0.0787 SQUARE --       0 Draws,       2 Flashes
D16:  0.0850 x 0.1080 RECTANGLE -----       6 Flashes
D36:  0.0400 x 0.0500 RECTANGLE -----      33 Flashes
D64:  0.1080 x 0.0850 RECTANGLE -----       4 Flashes
D65:  0.0550 x 0.0350 RECTANGLE -----      34 Flashes
D67:  0.0500 x 0.0400 RECTANGLE -----      15 Flashes
D68:  0.0570 x 0.0590 RECTANGLE -----       2 Flashes
D69:  0.0110 x 0.0700 OBLONG    -----      28 Flashes
D70:  0.0110 x 0.0700 RECTANGLE -----       4 Flashes
D71:  0.0700 x 0.0110 OBLONG    -----      29 Flashes
D72:  0.0700 x 0.0110 RECTANGLE -----       3 Flashes
D73:  0.0394 x 0.0197 RECTANGLE -----       2 Flashes
---------------------------------------------------------
 15 D-Codes      -----       0 Draws,     258 Flashes

*********************************************************

Output file: D:\UTENTI\00.CAD\00.PROGETTI\METALTRONICA\22-302-0 (DIMOBIS)\22-302-0 (DIMOBIS)\22-302-0.SST

Aperture totals for D:\UTENTI\00.CAD\00.PROGETTI\METALTRONICA\22-302-0 (DIMOBIS)\22-302-0 (DIMOBIS)\22-302-0.SST:
---------------------------------------------------------
D51:  0.0060 ROUND  --    4847 Draws,       0 Flashes
D52:  0.0100 ROUND  --     300 Draws,       0 Flashes
D56:  0.0080 ROUND  --     354 Draws,       0 Flashes
D107: 0.0079 ROUND  --      41 Draws,       0 Flashes
D108: 0.0050 ROUND  --      22 Draws,       0 Flashes
---------------------------------------------------------
  5 D-Codes      -----    5564 Draws,       0 Flashes

*********************************************************

Output file: D:\UTENTI\00.CAD\00.PROGETTI\METALTRONICA\22-302-0 (DIMOBIS)\22-302-0 (DIMOBIS)\22-302-0.SSB

Aperture totals for D:\UTENTI\00.CAD\00.PROGETTI\METALTRONICA\22-302-0 (DIMOBIS)\22-302-0 (DIMOBIS)\22-302-0.SSB:
---------------------------------------------------------
D51:  0.0060 ROUND  --    2241 Draws,       0 Flashes
D107: 0.0079 ROUND  --       4 Draws,       0 Flashes
---------------------------------------------------------
  2 D-Codes      -----    2245 Draws,       0 Flashes

*********************************************************

Output file: D:\UTENTI\00.CAD\00.PROGETTI\METALTRONICA\22-302-0 (DIMOBIS)\22-302-0 (DIMOBIS)\22-302-0.DRD

Aperture totals for D:\UTENTI\00.CAD\00.PROGETTI\METALTRONICA\22-302-0 (DIMOBIS)\22-302-0 (DIMOBIS)\22-302-0.DRD:
---------------------------------------------------------
D52:  0.0100 ROUND  --    2099 Draws,       0 Flashes
D103: 0.0197 ROUND  --      10 Draws,       0 Flashes
---------------------------------------------------------
  2 D-Codes      -----    2109 Draws,       0 Flashes

*********************************************************

Output file: D:\UTENTI\00.CAD\00.PROGETTI\METALTRONICA\22-302-0 (DIMOBIS)\22-302-0 (DIMOBIS)\22-302-0.DRL

Aperture totals for D:\UTENTI\00.CAD\00.PROGETTI\METALTRONICA\22-302-0 (DIMOBIS)\22-302-0 (DIMOBIS)\22-302-0.DRL:
---------------------------------------------------------
D23:  0.0512 ROUND  --       0 Draws,       2 Flashes
D103: 0.0197 ROUND  --      10 Draws,       0 Flashes
D109: 0.0472 ROUND  --       0 Draws,      23 Flashes
D110: 0.0630 ROUND  --       0 Draws,       2 Flashes
D111: 0.0433 ROUND  --       0 Draws,      34 Flashes
D112: 0.1063 ROUND  --       0 Draws,       5 Flashes
D113: 0.0315 ROUND  --       0 Draws,      33 Flashes
D114: 0.0079 ROUND  --       0 Draws,      29 Flashes
D115: 0.0079 ROUND  --       0 Draws,      56 Flashes
D116: 0.0079 ROUND  --       0 Draws,     208 Flashes
---------------------------------------------------------
 10 D-Codes      -----      10 Draws,     392 Flashes


*********************************************************

Aperture totals for entire project:
---------------------------------------------------------
D10:  0.1024 x 0.0510 RECTANGLE -----      54 Flashes
D11:  0.0380 x 0.0320 RECTANGLE -----     636 Flashes
D12:  0.0510 x 0.1024 RECTANGLE -----       6 Flashes
D13:  0.0320 x 0.0380 RECTANGLE -----     108 Flashes
D14:  0.0787 x 0.1614 RECTANGLE -----       6 Flashes
D15:  0.0787 SQUARE --       0 Draws,      23 Flashes
D16:  0.0850 x 0.1080 RECTANGLE -----      24 Flashes
D17:  0.0197 x 0.0315 RECTANGLE -----      12 Flashes
D18:  0.0315 x 0.0197 RECTANGLE -----      12 Flashes
D19:  0.0501 x 0.0404 RECTANGLE -----     120 Flashes
D20:  0.1500 x 0.1670 RECTANGLE -----       6 Flashes
D21:  0.1220 x 0.0905 RECTANGLE -----      12 Flashes
D22:  0.1000 ROUND  --       0 Draws,      45 Flashes
D23:  0.0512 ROUND  --       0 Draws,       8 Flashes
D24:  0.0866 ROUND  --       0 Draws,      60 Flashes
D25:  0.0669 ROUND  --       0 Draws,       8 Flashes
D26:  0.0800 ROUND  --       0 Draws,      65 Flashes
D27:  0.0800 SQUARE --       0 Draws,       5 Flashes
D28:  0.0787 ROUND  --       0 Draws,     110 Flashes
D29:  0.0630 x 0.0787 OBLONG    -----      40 Flashes
D30:  0.1000 SQUARE --       0 Draws,      10 Flashes
D31:  0.0649 x 0.0512 RECTANGLE -----       6 Flashes
D32:  0.0118 x 0.0394 RECTANGLE -----      36 Flashes
D33:  0.0236 x 0.0413 RECTANGLE -----      12 Flashes
D34:  0.1968 ROUND  --       0 Draws,      25 Flashes
D35:  0.0250 x 0.0350 RECTANGLE -----      12 Flashes
D36:  0.0400 x 0.0500 RECTANGLE -----     117 Flashes
D37:  0.0710 x 0.0400 RECTANGLE -----       6 Flashes
D38:  0.0760 x 0.1200 RECTANGLE -----       6 Flashes
D39:  0.0799 SQUARE --       0 Draws,       5 Flashes
D40:  0.0600 x 0.1000 RECTANGLE -----       6 Flashes
D41:  0.2760 SQUARE --       0 Draws,       2 Flashes
D42:  0.0256 x 0.0650 OBLONG    -----      24 Flashes
D43:  0.0354 x 0.0512 RECTANGLE -----      48 Flashes
D44:  0.0236 x 0.0512 RECTANGLE -----      12 Flashes
D45:  0.0118 x 0.0701 OBLONG    -----     168 Flashes
D46:  0.0394 ROUND  --       0 Draws,      63 Flashes
D47:  0.0669 x 0.0276 RECTANGLE -----      60 Flashes
D48:  0.0165 x 0.0354 RECTANGLE -----      24 Flashes
D49:  0.0177 x 0.0590 RECTANGLE -----      48 Flashes
D50:  0.0276 ROUND  --       0 Draws,      87 Flashes
D51:  0.0060 ROUND  --    8056 Draws,       0 Flashes
D52:  0.0100 ROUND  --   30931 Draws,       1 Flashes
D53:  0.0250 ROUND  --     268 Draws,       0 Flashes
D54:  0.0120 ROUND  --     404 Draws,       0 Flashes
D55:  0.0276 ROUND  --       0 Draws,     632 Flashes
D56:  0.0080 ROUND  --    1832 Draws,       1 Flashes
D57:  0.0600 ROUND  --      24 Draws,       0 Flashes
D58:  0.0150 ROUND  --      48 Draws,       0 Flashes
D59:  0.0800 ROUND  --      22 Draws,       0 Flashes
D60:  0.0300 ROUND  --       4 Draws,       0 Flashes
D61:  0.0276 ROUND  --       6 Draws,       0 Flashes
D62:  0.0500 ROUND  --      91 Draws,       0 Flashes
D63:  0.0276 ROUND  --       0 Draws,     144 Flashes
D64:  0.1080 x 0.0850 RECTANGLE -----      12 Flashes
D65:  0.0550 x 0.0350 RECTANGLE -----     102 Flashes
D66:  0.0350 x 0.0250 RECTANGLE -----      10 Flashes
D67:  0.0500 x 0.0400 RECTANGLE -----      45 Flashes
D68:  0.0570 x 0.0590 RECTANGLE -----       6 Flashes
D69:  0.0110 x 0.0700 OBLONG    -----      84 Flashes
D70:  0.0110 x 0.0700 RECTANGLE -----      12 Flashes
D71:  0.0700 x 0.0110 OBLONG    -----      87 Flashes
D72:  0.0700 x 0.0110 RECTANGLE -----       9 Flashes
D73:  0.0394 x 0.0197 RECTANGLE -----       6 Flashes
D74:  0.0276 ROUND  --       0 Draws,      16 Flashes
D75:  0.0110 ROUND  --       7 Draws,       0 Flashes
D76:  0.0400 ROUND  --       8 Draws,       0 Flashes
D77:  0.1212 OD, 0.0972 ID THERMAL --       3 Flashes
D78:  0.1181 ROUND  --       0 Draws,       3 Flashes
D79:  0.0800 ROUND  --       0 Draws,       1 Flashes
D80:  0.1024 ROUND  --       0 Draws,       2 Flashes
D81:  0.0866 ROUND  --       0 Draws,       2 Flashes
D82:  0.1173 OD, 0.0933 ID THERMAL --       5 Flashes
D83:  0.1100 ROUND  --       0 Draws,       5 Flashes
D84:  0.1100 SQUARE --       0 Draws,       1 Flashes
D85:  0.1027 ROUND  --       0 Draws,       6 Flashes
D86:  0.1173 OD, 0.0933 ID THERMAL --       1 Flashes
D87:  0.1027 ROUND  --       0 Draws,      11 Flashes
D88:  0.0800 ROUND  --       0 Draws,       1 Flashes
D89:  0.0984 ROUND  --       0 Draws,       2 Flashes
D90:  0.1300 ROUND  --       0 Draws,       3 Flashes
D91:  0.1300 SQUARE --       0 Draws,       2 Flashes
D92:  0.2362 ROUND  --       0 Draws,       5 Flashes
D93:  0.1055 OD, 0.0815 ID THERMAL --       4 Flashes
D94:  0.1027 ROUND  --       0 Draws,       6 Flashes
D95:  0.0984 ROUND  --       0 Draws,       9 Flashes
D96:  0.1173 OD, 0.0933 ID THERMAL --       1 Flashes
D97:  0.1027 SQUARE --       0 Draws,       1 Flashes
D98:  0.0590 ROUND  --       0 Draws,      20 Flashes
D99:  0.0050 ROUND  --       0 Draws,       1 Flashes
D100: 0.1100 ROUND  --       0 Draws,       4 Flashes
D101: 0.0050 ROUND  --       0 Draws,      96 Flashes
D102: 0.0394 ROUND  --       0 Draws,     139 Flashes
D103: 0.0197 ROUND  --      30 Draws,       0 Flashes
D104: 0.0394 ROUND  --       0 Draws,      56 Flashes
D105: 0.0050 ROUND  --       0 Draws,       2 Flashes
D106: 0.0709 ROUND  --       0 Draws,       2 Flashes
D107: 0.0079 ROUND  --      45 Draws,       0 Flashes
D108: 0.0050 ROUND  --      22 Draws,       0 Flashes
D109: 0.0472 ROUND  --       0 Draws,      23 Flashes
D110: 0.0630 ROUND  --       0 Draws,       2 Flashes
D111: 0.0433 ROUND  --       0 Draws,      34 Flashes
D112: 0.1063 ROUND  --       0 Draws,       5 Flashes
D113: 0.0315 ROUND  --       0 Draws,      33 Flashes
D114: 0.0079 ROUND  --       0 Draws,      29 Flashes
D115: 0.0079 ROUND  --       0 Draws,      56 Flashes
D116: 0.0079 ROUND  --       0 Draws,     208 Flashes
---------------------------------------------------------
107 D-Codes      -----   41798 Draws,    4088 Flashes


No warnings or errors.
